\BOOKMARK [0][-]{chapter.1}{\376\377\000I\000n\000t\000r\000o\000d\000u\000c\000t\000i\000o\000n}{}% 1
\BOOKMARK [1][-]{section.1.1}{\376\377\000D\000a\000t\000a\000s\000e\000t\000\040\000D\000o\000c\000u\000m\000e\000n\000t\000a\000t\000i\000o\000n}{chapter.1}% 2
\BOOKMARK [1][-]{section.1.2}{\376\377\000U\000s\000e\000r\000\040\000G\000u\000i\000d\000e}{chapter.1}% 3
\BOOKMARK [1][-]{section.1.3}{\376\377\000C\000o\000d\000e\000\040\000D\000o\000c\000u\000m\000e\000n\000t\000a\000t\000i\000o\000n}{chapter.1}% 4
\BOOKMARK [0][-]{chapter.2}{\376\377\000C\000o\000l\000u\000m\000n\000s\000\040\000i\000n\000\040\000t\000h\000e\000\040\000F\000i\000n\000a\000l\000\040\000D\000a\000t\000a\000s\000e\000t}{}% 5
\BOOKMARK [1][-]{section.2.1}{\376\377\000I\000n\000i\000t\000i\000a\000l\000\040\000Q\000u\000e\000r\000y}{chapter.2}% 6
\BOOKMARK [2][-]{subsection.2.1.1}{\376\377\000P\000C\000h\000E\000M\000B\000L\000\040\000V\000a\000l\000u\000e\000s}{section.2.1}% 7
\BOOKMARK [2][-]{subsection.2.1.2}{\376\377\000C\000o\000m\000p\000o\000u\000n\000d\000\040\000I\000n\000f\000o\000r\000m\000a\000t\000i\000o\000n}{section.2.1}% 8
\BOOKMARK [2][-]{subsection.2.1.3}{\376\377\000T\000a\000r\000g\000e\000t\000\040\000I\000n\000f\000o\000r\000m\000a\000t\000i\000o\000n}{section.2.1}% 9
\BOOKMARK [2][-]{subsection.2.1.4}{\376\377\000H\000e\000l\000p\000e\000r\000\040\000C\000o\000l\000u\000m\000n\000s}{section.2.1}% 10
\BOOKMARK [1][-]{section.2.2}{\376\377\000A\000g\000g\000r\000e\000g\000a\000t\000e\000d\000\040\000V\000a\000l\000u\000e\000s}{chapter.2}% 11
\BOOKMARK [2][-]{subsection.2.2.1}{\376\377\000N\000a\000m\000i\000n\000g\000\040\000C\000o\000n\000v\000e\000n\000t\000i\000o\000n\000:\000\040\000B\000\040\000v\000s\000.\000\040\000B\000F}{section.2.2}% 12
\BOOKMARK [1][-]{section.2.3}{\376\377\000D\000T\000I\000\040\000\050\000D\000r\000u\000g\000-\000T\000a\000r\000g\000e\000t\000\040\000I\000n\000t\000e\000r\000a\000c\000t\000i\000o\000n\000\051\000\040\000A\000n\000n\000o\000t\000a\000t\000i\000o\000n\000s}{chapter.2}% 13
\BOOKMARK [2][-]{subsection.2.3.1}{\376\377\000M\000e\000c\000h\000a\000n\000i\000s\000m\000\040\000t\000o\000\040\000A\000s\000s\000i\000g\000n\000\040\000D\000T\000I}{section.2.3}% 14
\BOOKMARK [2][-]{subsection.2.3.2}{\376\377\000M\000A\000X\000\137\000P\000H\000A\000S\000E\000\040\000i\000n\000\040\000C\000h\000E\000M\000B\000L}{section.2.3}% 15
\BOOKMARK [1][-]{section.2.4}{\376\377\000C\000o\000m\000p\000o\000u\000n\000d\000\040\000a\000n\000d\000\040\000T\000a\000r\000g\000e\000t\000\040\000P\000r\000o\000p\000e\000r\000t\000i\000e\000s\000\040\000B\000a\000s\000e\000d\000\040\000o\000n\000\040\000C\000h\000E\000M\000B\000L\000\040\000D\000a\000t\000a}{chapter.2}% 16
\BOOKMARK [2][-]{subsection.2.4.1}{\376\377\000F\000i\000r\000s\000t\000\040\000p\000u\000b\000l\000i\000c\000a\000t\000i\000o\000n}{section.2.4}% 17
\BOOKMARK [2][-]{subsection.2.4.2}{\376\377\000C\000o\000m\000p\000o\000u\000n\000d\000\040\000P\000r\000o\000p\000e\000r\000t\000i\000e\000s}{section.2.4}% 18
\BOOKMARK [2][-]{subsection.2.4.3}{\376\377\000C\000o\000m\000p\000o\000u\000n\000d\000\040\000S\000t\000r\000u\000c\000t\000u\000r\000e\000s}{section.2.4}% 19
\BOOKMARK [2][-]{subsection.2.4.4}{\376\377\000A\000T\000C\000\040\000a\000n\000d\000\040\000T\000a\000r\000g\000e\000t\000\040\000C\000l\000a\000s\000s}{section.2.4}% 20
\BOOKMARK [1][-]{section.2.5}{\376\377\000L\000i\000g\000a\000n\000d\000\040\000E\000f\000f\000i\000c\000i\000e\000n\000c\000y\000\040\000M\000e\000t\000r\000i\000c\000s}{chapter.2}% 21
\BOOKMARK [2][-]{subsection.2.5.1}{\376\377\000E\000q\000u\000a\000t\000i\000o\000n\000s}{section.2.5}% 22
\BOOKMARK [1][-]{section.2.6}{\376\377\000R\000D\000K\000i\000t\000-\000B\000a\000s\000e\000d\000\040\000C\000o\000m\000p\000o\000u\000n\000d\000\040\000D\000e\000s\000c\000r\000i\000p\000t\000o\000r\000s}{chapter.2}% 23
\BOOKMARK [2][-]{subsection.2.6.1}{\376\377\000B\000u\000i\000l\000t\000-\000i\000n\000\040\000M\000e\000t\000h\000o\000d\000s}{section.2.6}% 24
\BOOKMARK [2][-]{subsection.2.6.2}{\376\377\000B\000e\000s\000p\000o\000k\000e\000\040\000M\000e\000t\000h\000o\000d\000s}{section.2.6}% 25
\BOOKMARK [1][-]{section.2.7}{\376\377\000A\000n\000n\000o\000t\000a\000t\000i\000o\000n\000s\000\040\000f\000o\000r\000\040\000F\000i\000l\000t\000e\000r\000i\000n\000g}{chapter.2}% 26
\BOOKMARK [2][-]{subsection.2.7.1}{\376\377\000H\000e\000l\000p\000e\000r\000\040\000C\000o\000l\000u\000m\000n\000s}{section.2.7}% 27
\BOOKMARK [2][-]{subsection.2.7.2}{\376\377\000F\000i\000l\000t\000e\000r\000i\000n\000g\000\040\000C\000o\000l\000u\000m\000n\000s}{section.2.7}% 28
\BOOKMARK [0][-]{chapter.3}{\376\377\000U\000s\000e\000r\000\040\000G\000u\000i\000d\000e}{}% 29
\BOOKMARK [1][-]{section.3.1}{\376\377\000A\000r\000g\000u\000m\000e\000n\000t\000s}{chapter.3}% 30
\BOOKMARK [1][-]{section.3.2}{\376\377\000A\000c\000c\000e\000s\000s\000i\000n\000g\000\040\000C\000h\000E\000M\000B\000L}{chapter.3}% 31
\BOOKMARK [0][-]{chapter.4}{\376\377\000s\000r\000c}{}% 32
\BOOKMARK [1][-]{section.4.1}{\376\377\000a\000d\000d\000\137\000c\000h\000e\000m\000b\000l\000\137\000c\000o\000m\000p\000o\000u\000n\000d\000\137\000p\000r\000o\000p\000e\000r\000t\000i\000e\000s\000\040\000m\000o\000d\000u\000l\000e}{chapter.4}% 33
\BOOKMARK [1][-]{section.4.2}{\376\377\000a\000d\000d\000\137\000c\000h\000e\000m\000b\000l\000\137\000t\000a\000r\000g\000e\000t\000\137\000c\000l\000a\000s\000s\000\137\000a\000n\000n\000o\000t\000a\000t\000i\000o\000n\000s\000\040\000m\000o\000d\000u\000l\000e}{chapter.4}% 34
\BOOKMARK [1][-]{section.4.3}{\376\377\000a\000d\000d\000\137\000d\000t\000i\000\137\000a\000n\000n\000o\000t\000a\000t\000i\000o\000n\000s\000\040\000m\000o\000d\000u\000l\000e}{chapter.4}% 35
\BOOKMARK [1][-]{section.4.4}{\376\377\000a\000d\000d\000\137\000r\000d\000k\000i\000t\000\137\000c\000o\000m\000p\000o\000u\000n\000d\000\137\000d\000e\000s\000c\000r\000i\000p\000t\000o\000r\000s\000\040\000m\000o\000d\000u\000l\000e}{chapter.4}% 36
\BOOKMARK [1][-]{section.4.5}{\376\377\000c\000l\000e\000a\000n\000\137\000d\000a\000t\000a\000s\000e\000t\000\040\000m\000o\000d\000u\000l\000e}{chapter.4}% 37
\BOOKMARK [1][-]{section.4.6}{\376\377\000g\000e\000t\000\137\000a\000c\000t\000i\000v\000i\000t\000y\000\137\000c\000t\000\137\000p\000a\000i\000r\000s\000\040\000m\000o\000d\000u\000l\000e}{chapter.4}% 38
\BOOKMARK [1][-]{section.4.7}{\376\377\000g\000e\000t\000\137\000d\000a\000t\000a\000s\000e\000t\000\040\000m\000o\000d\000u\000l\000e}{chapter.4}% 39
\BOOKMARK [1][-]{section.4.8}{\376\377\000g\000e\000t\000\137\000d\000r\000u\000g\000\137\000m\000e\000c\000h\000a\000n\000i\000s\000m\000\137\000c\000t\000\137\000p\000a\000i\000r\000s\000\040\000m\000o\000d\000u\000l\000e}{chapter.4}% 40
\BOOKMARK [1][-]{section.4.9}{\376\377\000g\000e\000t\000\137\000s\000t\000a\000t\000s\000\040\000m\000o\000d\000u\000l\000e}{chapter.4}% 41
\BOOKMARK [1][-]{section.4.10}{\376\377\000m\000a\000i\000n\000\040\000m\000o\000d\000u\000l\000e}{chapter.4}% 42
\BOOKMARK [1][-]{section.4.11}{\376\377\000s\000a\000n\000i\000t\000y\000\137\000c\000h\000e\000c\000k\000s\000\040\000m\000o\000d\000u\000l\000e}{chapter.4}% 43
\BOOKMARK [1][-]{section.4.12}{\376\377\000w\000r\000i\000t\000e\000\137\000s\000u\000b\000s\000e\000t\000s\000\040\000m\000o\000d\000u\000l\000e}{chapter.4}% 44
\BOOKMARK [0][-]{chapter.5}{\376\377\000I\000n\000d\000i\000c\000e\000s\000\040\000a\000n\000d\000\040\000t\000a\000b\000l\000e\000s}{}% 45
\BOOKMARK [0][-]{chapter*.56}{\376\377\000B\000i\000b\000l\000i\000o\000g\000r\000a\000p\000h\000y}{}% 46
\BOOKMARK [0][-]{section*.57}{\376\377\000P\000y\000t\000h\000o\000n\000\040\000M\000o\000d\000u\000l\000e\000\040\000I\000n\000d\000e\000x}{}% 47
\BOOKMARK [0][-]{section*.58}{\376\377\000I\000n\000d\000e\000x}{}% 48
